Compiling the C compiler identification source file "CMakeCCompilerId.c" failed.
Compiler: /Users/dawei.li/Work/eosio.cdt/build/bin/eosio-cc 
Build flags: -O3
Id flags:  

The output was:
255
wasm-ld: error: fatal failure: contract with no actions and trying to create dispatcher
Exit due to wasm-ld failure


Compiling the CXX compiler identification source file "CMakeCXXCompilerId.cpp" failed.
Compiler: /Users/dawei.li/Work/eosio.cdt/build/bin/eosio-cpp 
Build flags: -O3
Id flags:  

The output was:
255
wasm-ld: error: fatal failure: contract with no actions and trying to create dispatcher
Exit due to wasm-ld failure


Detecting C compiler ABI info failed to compile with the following output:
Change Dir: /Users/dawei.li/Work/kata_accounting/build/accounting/CMakeFiles/CMakeTmp

Run Build Command(s):/usr/bin/make -f Makefile cmTC_e90b2/fast && /Library/Developer/CommandLineTools/usr/bin/make  -f CMakeFiles/cmTC_e90b2.dir/build.make CMakeFiles/cmTC_e90b2.dir/build
Building C object CMakeFiles/cmTC_e90b2.dir/CMakeCCompilerABI.c.obj
/Users/dawei.li/Work/eosio.cdt/build/bin/eosio-cc   -O3    -v -MD -MT CMakeFiles/cmTC_e90b2.dir/CMakeCCompilerABI.c.obj -MF CMakeFiles/cmTC_e90b2.dir/CMakeCCompilerABI.c.obj.d -o CMakeFiles/cmTC_e90b2.dir/CMakeCCompilerABI.c.obj -c /usr/local/Cellar/cmake/3.22.1/share/cmake/Modules/CMakeCCompilerABI.c
clang version 9.0.1 (https://github.com/eosio/clang.git 6a2b43d5cb01f666af0dbfb31a3cbf2e17967909) (https://github.com/eosio/llvm d700c78db1918c7a2783c37a97d42d6fcd223e4d)
Target: x86_64-apple-darwin19.6.0
Thread model: posix
InstalledDir: /Users/dawei.li/Work/kata_accounting/build/accounting/CMakeFiles/CMakeTmp
Linking C executable cmTC_e90b2.wasm
/usr/local/Cellar/cmake/3.22.1/bin/cmake -E cmake_link_script CMakeFiles/cmTC_e90b2.dir/link.txt --verbose=1
/Users/dawei.li/Work/eosio.cdt/build/bin/eosio-ld  -v CMakeFiles/cmTC_e90b2.dir/CMakeCCompilerABI.c.obj -o cmTC_e90b2.wasm 
eosio-ld: Unknown command line argument '-v'.  Try: '/Users/dawei.li/Work/eosio.cdt/build/bin/eosio-ld --help'
eosio-ld: Did you mean '  -L'?
make[4]: *** [cmTC_e90b2.wasm] Error 1
make[3]: *** [cmTC_e90b2/fast] Error 2




Detecting CXX compiler ABI info failed to compile with the following output:
Change Dir: /Users/dawei.li/Work/kata_accounting/build/accounting/CMakeFiles/CMakeTmp

Run Build Command(s):/usr/bin/make -f Makefile cmTC_fca66/fast && /Library/Developer/CommandLineTools/usr/bin/make  -f CMakeFiles/cmTC_fca66.dir/build.make CMakeFiles/cmTC_fca66.dir/build
Building CXX object CMakeFiles/cmTC_fca66.dir/CMakeCXXCompilerABI.cpp.obj
/Users/dawei.li/Work/eosio.cdt/build/bin/eosio-cpp   -O3    -v -MD -MT CMakeFiles/cmTC_fca66.dir/CMakeCXXCompilerABI.cpp.obj -MF CMakeFiles/cmTC_fca66.dir/CMakeCXXCompilerABI.cpp.obj.d -o CMakeFiles/cmTC_fca66.dir/CMakeCXXCompilerABI.cpp.obj -c /usr/local/Cellar/cmake/3.22.1/share/cmake/Modules/CMakeCXXCompilerABI.cpp
clang version 9.0.1 (https://github.com/eosio/clang.git 6a2b43d5cb01f666af0dbfb31a3cbf2e17967909) (https://github.com/eosio/llvm d700c78db1918c7a2783c37a97d42d6fcd223e4d)
Target: x86_64-apple-darwin19.6.0
Thread model: posix
InstalledDir: /Users/dawei.li/Work/kata_accounting/build/accounting/CMakeFiles/CMakeTmp
Linking CXX executable cmTC_fca66.wasm
/usr/local/Cellar/cmake/3.22.1/bin/cmake -E cmake_link_script CMakeFiles/cmTC_fca66.dir/link.txt --verbose=1
/Users/dawei.li/Work/eosio.cdt/build/bin/eosio-ld  -v CMakeFiles/cmTC_fca66.dir/CMakeCXXCompilerABI.cpp.obj -o cmTC_fca66.wasm 
eosio-ld: Unknown command line argument '-v'.  Try: '/Users/dawei.li/Work/eosio.cdt/build/bin/eosio-ld --help'
eosio-ld: Did you mean '  -L'?
make[4]: *** [cmTC_fca66.wasm] Error 1
make[3]: *** [cmTC_fca66/fast] Error 2




